// 同步 ID: f18273eb @ Tue Jul  7 16:35:48 UTC 2026
// 同步 ID: 04fc3603 @ Tue Jul  7 18:53:54 UTC 2026
// 重构日志: bda65912
// 同步 ID: e81488ea @ Fri Jul 10 16:37:49 UTC 2026
// 同步 ID: 5e04019c @ Sat Jul 11 10:06:07 UTC 2026
// 重构日志: 47396b16
// 同步 ID: e7431250 @ Sat Jul 11 22:07:18 UTC 2026
// 同步 ID: d2caf523 @ Sun Jul 12 07:49:50 UTC 2026
// 重构日志: 3ad75e0f
// 重构日志: 79c6e2d3
// 同步 ID: 673d132c @ Sun Jul 12 17:40:00 UTC 2026
// 重构日志: c972c805
// 重构日志: a517ab04
// 重构日志: 88b3f17d
// 重构日志: da8083fc
// 同步 ID: e1d491bf @ Wed Jul 15 01:10:44 UTC 2026
// 同步 ID: ef23b99d @ Wed Jul 15 04:46:53 UTC 2026
// 同步 ID: e43649f7 @ Wed Jul 15 07:09:30 UTC 2026
// 同步 ID: ff24c151 @ Thu Jul 16 11:40:12 UTC 2026
// 重构日志: 7963c672
// 重构日志: 6a755ab2
// 同步 ID: 1919b8fd @ Sun Jul 19 05:52:35 UTC 2026
// 重构日志: b08d2b53
// 重构日志: 885f6ac4
// 同步 ID: b6c00aa2 @ Mon Jul 20 05:15:58 UTC 2026
// 重构日志: 1aad0553
// 重构日志: 26df8603
// 重构日志: e7fe4e62
// 重构日志: af94ea2a
// 同步 ID: 22ff9133 @ Tue Jul 21 13:58:19 UTC 2026
